:clean
:compileJava
:processResources
:classes
:findMainClass
:bootRun
2015-11-23 14:47:56.739  INFO 2239 --- [           main] e.p.dbmi.ccd.db.CCDDatabaseApplication   : Starting CCDDatabaseApplication on admt-imac.cs.pitt.edu with PID 2239 (/Users/mas450/ccd/db/build/classes/main started by mas450 in /Users/mas450/ccd/db)
2015-11-23 14:47:56.743  INFO 2239 --- [           main] e.p.dbmi.ccd.db.CCDDatabaseApplication   : The following profiles are active: desktop
2015-11-23 14:47:56.796  INFO 2239 --- [           main] ationConfigEmbeddedWebApplicationContext : Refreshing org.springframework.boot.context.embedded.AnnotationConfigEmbeddedWebApplicationContext@48a242ce: startup date [Mon Nov 23 14:47:56 EST 2015]; root of context hierarchy
2015-11-23 14:47:57.557  INFO 2239 --- [           main] o.s.b.f.s.DefaultListableBeanFactory     : Overriding bean definition for bean 'beanNameViewResolver' with a different definition: replacing [Root bean: class [null]; scope=; abstract=false; lazyInit=false; autowireMode=3; dependencyCheck=0; autowireCandidate=true; primary=false; factoryBeanName=org.springframework.boot.autoconfigure.web.ErrorMvcAutoConfiguration$WhitelabelErrorViewConfiguration; factoryMethodName=beanNameViewResolver; initMethodName=null; destroyMethodName=(inferred); defined in class path resource [org/springframework/boot/autoconfigure/web/ErrorMvcAutoConfiguration$WhitelabelErrorViewConfiguration.class]] with [Root bean: class [null]; scope=; abstract=false; lazyInit=false; autowireMode=3; dependencyCheck=0; autowireCandidate=true; primary=false; factoryBeanName=org.springframework.boot.autoconfigure.web.WebMvcAutoConfiguration$WebMvcAutoConfigurationAdapter; factoryMethodName=beanNameViewResolver; initMethodName=null; destroyMethodName=(inferred); defined in class path resource [org/springframework/boot/autoconfigure/web/WebMvcAutoConfiguration$WebMvcAutoConfigurationAdapter.class]]
2015-11-23 14:47:58.093  INFO 2239 --- [           main] trationDelegate$BeanPostProcessorChecker : Bean 'org.springframework.transaction.annotation.ProxyTransactionManagementConfiguration' of type [class org.springframework.transaction.annotation.ProxyTransactionManagementConfiguration$$EnhancerBySpringCGLIB$$575b593b] is not eligible for getting processed by all BeanPostProcessors (for example: not eligible for auto-proxying)
2015-11-23 14:47:58.403  INFO 2239 --- [           main] s.b.c.e.t.TomcatEmbeddedServletContainer : Tomcat initialized with port(s): 8080 (http)
2015-11-23 14:47:58.414  INFO 2239 --- [           main] o.apache.catalina.core.StandardService   : Starting service Tomcat
2015-11-23 14:47:58.415  INFO 2239 --- [           main] org.apache.catalina.core.StandardEngine  : Starting Servlet Engine: Apache Tomcat/8.0.28
2015-11-23 14:47:58.498  INFO 2239 --- [ost-startStop-1] o.a.c.c.C.[Tomcat].[localhost].[/]       : Initializing Spring embedded WebApplicationContext
2015-11-23 14:47:58.498  INFO 2239 --- [ost-startStop-1] o.s.web.context.ContextLoader            : Root WebApplicationContext: initialization completed in 1705 ms
2015-11-23 14:47:58.952  INFO 2239 --- [ost-startStop-1] j.LocalContainerEntityManagerFactoryBean : Building JPA container EntityManagerFactory for persistence unit 'default'
2015-11-23 14:47:58.963  INFO 2239 --- [ost-startStop-1] o.hibernate.jpa.internal.util.LogHelper  : HHH000204: Processing PersistenceUnitInfo [
	name: default
	...]
2015-11-23 14:47:59.025  INFO 2239 --- [ost-startStop-1] org.hibernate.Version                    : HHH000412: Hibernate Core {4.3.11.Final}
2015-11-23 14:47:59.028  INFO 2239 --- [ost-startStop-1] org.hibernate.cfg.Environment            : HHH000206: hibernate.properties not found
2015-11-23 14:47:59.031  INFO 2239 --- [ost-startStop-1] org.hibernate.cfg.Environment            : HHH000021: Bytecode provider name : javassist
2015-11-23 14:47:59.202  INFO 2239 --- [ost-startStop-1] o.hibernate.annotations.common.Version   : HCANN000001: Hibernate Commons Annotations {4.0.5.Final}
2015-11-23 14:47:59.616  INFO 2239 --- [ost-startStop-1] org.hibernate.dialect.Dialect            : HHH000400: Using dialect: org.hibernate.dialect.HSQLDialect
2015-11-23 14:47:59.744  INFO 2239 --- [ost-startStop-1] o.h.h.i.ast.ASTQueryTranslatorFactory    : HHH000397: Using ASTQueryTranslatorFactory
2015-11-23 14:48:00.058  INFO 2239 --- [ost-startStop-1] org.hibernate.tool.hbm2ddl.SchemaUpdate  : HHH000228: Running hbm2ddl schema update
2015-11-23 14:48:00.058  INFO 2239 --- [ost-startStop-1] org.hibernate.tool.hbm2ddl.SchemaUpdate  : HHH000102: Fetching database metadata
2015-11-23 14:48:00.060  INFO 2239 --- [ost-startStop-1] org.hibernate.tool.hbm2ddl.SchemaUpdate  : HHH000396: Updating schema
2015-11-23 14:48:00.097  INFO 2239 --- [ost-startStop-1] o.hibernate.tool.hbm2ddl.TableMetadata   : HHH000261: Table found: PUBLIC.PUBLIC.ACCESS
2015-11-23 14:48:00.097  INFO 2239 --- [ost-startStop-1] o.hibernate.tool.hbm2ddl.TableMetadata   : HHH000037: Columns: [name, description, id]
2015-11-23 14:48:00.097  INFO 2239 --- [ost-startStop-1] o.hibernate.tool.hbm2ddl.TableMetadata   : HHH000108: Foreign keys: []
2015-11-23 14:48:00.097  INFO 2239 --- [ost-startStop-1] o.hibernate.tool.hbm2ddl.TableMetadata   : HHH000126: Indexes: [sys_idx_sys_pk_10310_10313, sys_idx_uk_i9ri07twt8pifah2927kw8vca_10317]
2015-11-23 14:48:00.100  INFO 2239 --- [ost-startStop-1] o.hibernate.tool.hbm2ddl.TableMetadata   : HHH000261: Table found: PUBLIC.PUBLIC.ANNOTATION
2015-11-23 14:48:00.100  INFO 2239 --- [ost-startStop-1] o.hibernate.tool.hbm2ddl.TableMetadata   : HHH000037: Columns: [upload_id, user_account_id, redacted, group_id, created, parent_id, access_control, modified, id, vocab_id, version]
2015-11-23 14:48:00.101  INFO 2239 --- [ost-startStop-1] o.hibernate.tool.hbm2ddl.TableMetadata   : HHH000108: Foreign keys: [fk_j1xbp8u9738xqevj3lityc83, fk_hdudmo2uwjy9xpd9ekd9w9cfq, fk_mg4hb71gycmus4knck89agvhf, fk_2r9v55ulckjepbgwthhshc8lw, fk_th9f6glfv2lged19e9dggone1, fk_hk3r6peo99hoxw97dn9xumhp6]
2015-11-23 14:48:00.101  INFO 2239 --- [ost-startStop-1] o.hibernate.tool.hbm2ddl.TableMetadata   : HHH000126: Indexes: [sys_idx_10618, sys_idx_10330, sys_idx_10332, sys_idx_sys_pk_10319_10324, sys_idx_10597, sys_idx_10611, sys_idx_10604]
2015-11-23 14:48:00.103  INFO 2239 --- [ost-startStop-1] o.hibernate.tool.hbm2ddl.TableMetadata   : HHH000261: Table found: PUBLIC.PUBLIC.ANNOTATION_DATA
2015-11-23 14:48:00.104  INFO 2239 --- [ost-startStop-1] o.hibernate.tool.hbm2ddl.TableMetadata   : HHH000037: Columns: [annotation_id, attribute_id, parent_id, id, value]
2015-11-23 14:48:00.104  INFO 2239 --- [ost-startStop-1] o.hibernate.tool.hbm2ddl.TableMetadata   : HHH000108: Foreign keys: [fk_9g989juk5mj7nsf847joheru7]
2015-11-23 14:48:00.104  INFO 2239 --- [ost-startStop-1] o.hibernate.tool.hbm2ddl.TableMetadata   : HHH000126: Indexes: [sys_idx_10340, sys_idx_sys_pk_10335_10337]
2015-11-23 14:48:00.106  INFO 2239 --- [ost-startStop-1] o.hibernate.tool.hbm2ddl.TableMetadata   : HHH000261: Table found: PUBLIC.PUBLIC.ANNOTATION_UPLOAD_REFERENCES
2015-11-23 14:48:00.106  INFO 2239 --- [ost-startStop-1] o.hibernate.tool.hbm2ddl.TableMetadata   : HHH000037: Columns: [annotation_id, upload_id]
2015-11-23 14:48:00.106  INFO 2239 --- [ost-startStop-1] o.hibernate.tool.hbm2ddl.TableMetadata   : HHH000108: Foreign keys: [fk_m8t30ub7m4e9pyl35tvnx3m6t, fk_1kya9oni6o93bj622187iqknm]
2015-11-23 14:48:00.106  INFO 2239 --- [ost-startStop-1] o.hibernate.tool.hbm2ddl.TableMetadata   : HHH000126: Indexes: [sys_idx_10348, sys_idx_sys_pk_10344_10345, sys_idx_10625]
2015-11-23 14:48:00.108  INFO 2239 --- [ost-startStop-1] o.hibernate.tool.hbm2ddl.TableMetadata   : HHH000261: Table found: PUBLIC.PUBLIC.ATTRIBUTE
2015-11-23 14:48:00.108  INFO 2239 --- [ost-startStop-1] o.hibernate.tool.hbm2ddl.TableMetadata   : HHH000037: Columns: [level, parent_id, name, id, requirement_level, vocab_id]
2015-11-23 14:48:00.108  INFO 2239 --- [ost-startStop-1] o.hibernate.tool.hbm2ddl.TableMetadata   : HHH000108: Foreign keys: []
2015-11-23 14:48:00.108  INFO 2239 --- [ost-startStop-1] o.hibernate.tool.hbm2ddl.TableMetadata   : HHH000126: Indexes: [sys_idx_sys_pk_10351_10356, sys_idx_uk_gvbdasa5hhm74r1ybcr7u72m1_10362]
2015-11-23 14:48:00.110  INFO 2239 --- [ost-startStop-1] o.hibernate.tool.hbm2ddl.TableMetadata   : HHH000261: Table found: PUBLIC.PUBLIC.DATA_FILE
2015-11-23 14:48:00.110  INFO 2239 --- [ost-startStop-1] o.hibernate.tool.hbm2ddl.TableMetadata   : HHH000037: Columns: [creation_time, absolute_path, last_modified_time, data_file_info_id, name, id, file_size]
2015-11-23 14:48:00.110  INFO 2239 --- [ost-startStop-1] o.hibernate.tool.hbm2ddl.TableMetadata   : HHH000108: Foreign keys: []
2015-11-23 14:48:00.111  INFO 2239 --- [ost-startStop-1] o.hibernate.tool.hbm2ddl.TableMetadata   : HHH000126: Indexes: [sys_idx_sys_pk_10364_10370]
2015-11-23 14:48:00.113  INFO 2239 --- [ost-startStop-1] o.hibernate.tool.hbm2ddl.TableMetadata   : HHH000261: Table found: PUBLIC.PUBLIC.DATA_FILE_INFO
2015-11-23 14:48:00.113  INFO 2239 --- [ost-startStop-1] o.hibernate.tool.hbm2ddl.TableMetadata   : HHH000037: Columns: [md5check_sum, num_of_rows, file_delimiter_id, variable_type_id, missing_value, num_of_columns, id]
2015-11-23 14:48:00.113  INFO 2239 --- [ost-startStop-1] o.hibernate.tool.hbm2ddl.TableMetadata   : HHH000108: Foreign keys: []
2015-11-23 14:48:00.113  INFO 2239 --- [ost-startStop-1] o.hibernate.tool.hbm2ddl.TableMetadata   : HHH000126: Indexes: [sys_idx_sys_pk_10378_10379]
2015-11-23 14:48:00.115  INFO 2239 --- [ost-startStop-1] o.hibernate.tool.hbm2ddl.TableMetadata   : HHH000261: Table found: PUBLIC.PUBLIC.FILE_DELIMITER
2015-11-23 14:48:00.115  INFO 2239 --- [ost-startStop-1] o.hibernate.tool.hbm2ddl.TableMetadata   : HHH000037: Columns: [name, description, id, value]
2015-11-23 14:48:00.115  INFO 2239 --- [ost-startStop-1] o.hibernate.tool.hbm2ddl.TableMetadata   : HHH000108: Foreign keys: []
2015-11-23 14:48:00.115  INFO 2239 --- [ost-startStop-1] o.hibernate.tool.hbm2ddl.TableMetadata   : HHH000126: Indexes: [sys_idx_sys_pk_10382_10385]
2015-11-23 14:48:00.118  INFO 2239 --- [ost-startStop-1] o.hibernate.tool.hbm2ddl.TableMetadata   : HHH000261: Table found: PUBLIC.PUBLIC.GROUP_MEMBERSHIP
2015-11-23 14:48:00.118  INFO 2239 --- [ost-startStop-1] o.hibernate.tool.hbm2ddl.TableMetadata   : HHH000037: Columns: [user_account_id, group_id]
2015-11-23 14:48:00.118  INFO 2239 --- [ost-startStop-1] o.hibernate.tool.hbm2ddl.TableMetadata   : HHH000108: Foreign keys: []
2015-11-23 14:48:00.118  INFO 2239 --- [ost-startStop-1] o.hibernate.tool.hbm2ddl.TableMetadata   : HHH000126: Indexes: [sys_idx_sys_pk_10391_10392]
2015-11-23 14:48:00.119  INFO 2239 --- [ost-startStop-1] o.hibernate.tool.hbm2ddl.TableMetadata   : HHH000261: Table found: PUBLIC.PUBLIC.GROUPS
2015-11-23 14:48:00.119  INFO 2239 --- [ost-startStop-1] o.hibernate.tool.hbm2ddl.TableMetadata   : HHH000037: Columns: [name, description, id]
2015-11-23 14:48:00.119  INFO 2239 --- [ost-startStop-1] o.hibernate.tool.hbm2ddl.TableMetadata   : HHH000108: Foreign keys: []
2015-11-23 14:48:00.120  INFO 2239 --- [ost-startStop-1] o.hibernate.tool.hbm2ddl.TableMetadata   : HHH000126: Indexes: [sys_idx_sys_pk_10396_10399, sys_idx_uk_8mf0is8024pqmwjxgldfe54l7_10403]
2015-11-23 14:48:00.122  INFO 2239 --- [ost-startStop-1] o.hibernate.tool.hbm2ddl.TableMetadata   : HHH000261: Table found: PUBLIC.PUBLIC.JOB_QUEUE_INFO
2015-11-23 14:48:00.122  INFO 2239 --- [ost-startStop-1] o.hibernate.tool.hbm2ddl.TableMetadata   : HHH000037: Columns: [added_time, output_directory, tmp_directory, file_name, pid, id, algor_name, commands, status]
2015-11-23 14:48:00.122  INFO 2239 --- [ost-startStop-1] o.hibernate.tool.hbm2ddl.TableMetadata   : HHH000108: Foreign keys: []
2015-11-23 14:48:00.122  INFO 2239 --- [ost-startStop-1] o.hibernate.tool.hbm2ddl.TableMetadata   : HHH000126: Indexes: [sys_idx_sys_pk_10405_10413]
2015-11-23 14:48:00.124  INFO 2239 --- [ost-startStop-1] o.hibernate.tool.hbm2ddl.TableMetadata   : HHH000261: Table found: PUBLIC.PUBLIC.PERSON
2015-11-23 14:48:00.124  INFO 2239 --- [ost-startStop-1] o.hibernate.tool.hbm2ddl.TableMetadata   : HHH000037: Columns: [picture_path, web_page, workspace, description, last_name, id, middle_name, first_name, email]
2015-11-23 14:48:00.124  INFO 2239 --- [ost-startStop-1] o.hibernate.tool.hbm2ddl.TableMetadata   : HHH000108: Foreign keys: []
2015-11-23 14:48:00.124  INFO 2239 --- [ost-startStop-1] o.hibernate.tool.hbm2ddl.TableMetadata   : HHH000126: Indexes: [sys_idx_sys_pk_10423_10428, sys_idx_uk_fwmwi44u55bo4rvwsv0cln012_10434]
2015-11-23 14:48:00.125  INFO 2239 --- [ost-startStop-1] o.hibernate.tool.hbm2ddl.TableMetadata   : HHH000261: Table found: PUBLIC.PUBLIC.ROLE_PERMISSION
2015-11-23 14:48:00.126  INFO 2239 --- [ost-startStop-1] o.hibernate.tool.hbm2ddl.TableMetadata   : HHH000037: Columns: [name, description, id]
2015-11-23 14:48:00.126  INFO 2239 --- [ost-startStop-1] o.hibernate.tool.hbm2ddl.TableMetadata   : HHH000108: Foreign keys: []
2015-11-23 14:48:00.126  INFO 2239 --- [ost-startStop-1] o.hibernate.tool.hbm2ddl.TableMetadata   : HHH000126: Indexes: [sys_idx_sys_pk_10436_10438]
2015-11-23 14:48:00.128  INFO 2239 --- [ost-startStop-1] o.hibernate.tool.hbm2ddl.TableMetadata   : HHH000261: Table found: PUBLIC.PUBLIC.SECURITY_ANSWER
2015-11-23 14:48:00.128  INFO 2239 --- [ost-startStop-1] o.hibernate.tool.hbm2ddl.TableMetadata   : HHH000037: Columns: [answer, security_question_id, id]
2015-11-23 14:48:00.129  INFO 2239 --- [ost-startStop-1] o.hibernate.tool.hbm2ddl.TableMetadata   : HHH000108: Foreign keys: []
2015-11-23 14:48:00.129  INFO 2239 --- [ost-startStop-1] o.hibernate.tool.hbm2ddl.TableMetadata   : HHH000126: Indexes: [sys_idx_sys_pk_10442_10445]
2015-11-23 14:48:00.130  INFO 2239 --- [ost-startStop-1] o.hibernate.tool.hbm2ddl.TableMetadata   : HHH000261: Table found: PUBLIC.PUBLIC.SECURITY_QUESTION
2015-11-23 14:48:00.131  INFO 2239 --- [ost-startStop-1] o.hibernate.tool.hbm2ddl.TableMetadata   : HHH000037: Columns: [question, id]
2015-11-23 14:48:00.131  INFO 2239 --- [ost-startStop-1] o.hibernate.tool.hbm2ddl.TableMetadata   : HHH000108: Foreign keys: []
2015-11-23 14:48:00.131  INFO 2239 --- [ost-startStop-1] o.hibernate.tool.hbm2ddl.TableMetadata   : HHH000126: Indexes: [sys_idx_sys_pk_10450_10452]
2015-11-23 14:48:00.132  INFO 2239 --- [ost-startStop-1] o.hibernate.tool.hbm2ddl.TableMetadata   : HHH000261: Table found: PUBLIC.PUBLIC.UPLOAD
2015-11-23 14:48:00.133  INFO 2239 --- [ost-startStop-1] o.hibernate.tool.hbm2ddl.TableMetadata   : HHH000037: Columns: [user_account_id, created, file_id, modified, id, url_id, title, version]
2015-11-23 14:48:00.133  INFO 2239 --- [ost-startStop-1] o.hibernate.tool.hbm2ddl.TableMetadata   : HHH000108: Foreign keys: []
2015-11-23 14:48:00.133  INFO 2239 --- [ost-startStop-1] o.hibernate.tool.hbm2ddl.TableMetadata   : HHH000126: Indexes: [sys_idx_sys_pk_10456_10459]
2015-11-23 14:48:00.134  INFO 2239 --- [ost-startStop-1] o.hibernate.tool.hbm2ddl.TableMetadata   : HHH000261: Table found: PUBLIC.PUBLIC.URL
2015-11-23 14:48:00.135  INFO 2239 --- [ost-startStop-1] o.hibernate.tool.hbm2ddl.TableMetadata   : HHH000037: Columns: [address, id]
2015-11-23 14:48:00.135  INFO 2239 --- [ost-startStop-1] o.hibernate.tool.hbm2ddl.TableMetadata   : HHH000108: Foreign keys: []
2015-11-23 14:48:00.135  INFO 2239 --- [ost-startStop-1] o.hibernate.tool.hbm2ddl.TableMetadata   : HHH000126: Indexes: [sys_idx_sys_pk_10464_10466, sys_idx_uk_70uu0ql508oa7efc65tbmttvc_10469]
2015-11-23 14:48:00.136  INFO 2239 --- [ost-startStop-1] o.hibernate.tool.hbm2ddl.TableMetadata   : HHH000261: Table found: PUBLIC.PUBLIC.USER_ACCOUNT
2015-11-23 14:48:00.136  INFO 2239 --- [ost-startStop-1] o.hibernate.tool.hbm2ddl.TableMetadata   : HHH000037: Columns: [activation_key, password, role, active, id, created_date, last_login_date, username, person_id]
2015-11-23 14:48:00.136  INFO 2239 --- [ost-startStop-1] o.hibernate.tool.hbm2ddl.TableMetadata   : HHH000108: Foreign keys: [fk_g0u47bvsxpovtjxf29rne7g62]
2015-11-23 14:48:00.137  INFO 2239 --- [ost-startStop-1] o.hibernate.tool.hbm2ddl.TableMetadata   : HHH000126: Indexes: [sys_idx_10629, sys_idx_uk_castjbvpeeus0r8lbpehiu0e4_10486, sys_idx_sys_pk_10471_10478]
2015-11-23 14:48:00.138  INFO 2239 --- [ost-startStop-1] o.hibernate.tool.hbm2ddl.TableMetadata   : HHH000261: Table found: PUBLIC.PUBLIC.USER_ACCOUNT_DATA_FILE_REL
2015-11-23 14:48:00.138  INFO 2239 --- [ost-startStop-1] o.hibernate.tool.hbm2ddl.TableMetadata   : HHH000037: Columns: [data_file_id, user_account_id]
2015-11-23 14:48:00.139  INFO 2239 --- [ost-startStop-1] o.hibernate.tool.hbm2ddl.TableMetadata   : HHH000108: Foreign keys: []
2015-11-23 14:48:00.139  INFO 2239 --- [ost-startStop-1] o.hibernate.tool.hbm2ddl.TableMetadata   : HHH000126: Indexes: [sys_idx_sys_pk_10489_10490]
2015-11-23 14:48:00.140  INFO 2239 --- [ost-startStop-1] o.hibernate.tool.hbm2ddl.TableMetadata   : HHH000261: Table found: PUBLIC.PUBLIC.USER_ACCOUNT_JOB_QUEUE_INFO_REL
2015-11-23 14:48:00.141  INFO 2239 --- [ost-startStop-1] o.hibernate.tool.hbm2ddl.TableMetadata   : HHH000037: Columns: [user_account_id, job_queue_info_id]
2015-11-23 14:48:00.141  INFO 2239 --- [ost-startStop-1] o.hibernate.tool.hbm2ddl.TableMetadata   : HHH000108: Foreign keys: []
2015-11-23 14:48:00.141  INFO 2239 --- [ost-startStop-1] o.hibernate.tool.hbm2ddl.TableMetadata   : HHH000126: Indexes: [sys_idx_sys_pk_10495_10496]
2015-11-23 14:48:00.142  INFO 2239 --- [ost-startStop-1] o.hibernate.tool.hbm2ddl.TableMetadata   : HHH000261: Table found: PUBLIC.PUBLIC.USER_ACCOUNT_SECURITY_ANSWER_REL
2015-11-23 14:48:00.142  INFO 2239 --- [ost-startStop-1] o.hibernate.tool.hbm2ddl.TableMetadata   : HHH000037: Columns: [user_account_id, security_answer_id]
2015-11-23 14:48:00.142  INFO 2239 --- [ost-startStop-1] o.hibernate.tool.hbm2ddl.TableMetadata   : HHH000108: Foreign keys: []
2015-11-23 14:48:00.142  INFO 2239 --- [ost-startStop-1] o.hibernate.tool.hbm2ddl.TableMetadata   : HHH000126: Indexes: [sys_idx_sys_pk_10501_10502]
2015-11-23 14:48:00.144  INFO 2239 --- [ost-startStop-1] o.hibernate.tool.hbm2ddl.TableMetadata   : HHH000261: Table found: PUBLIC.PUBLIC.USER_ROLE
2015-11-23 14:48:00.144  INFO 2239 --- [ost-startStop-1] o.hibernate.tool.hbm2ddl.TableMetadata   : HHH000037: Columns: [name, description, id]
2015-11-23 14:48:00.144  INFO 2239 --- [ost-startStop-1] o.hibernate.tool.hbm2ddl.TableMetadata   : HHH000108: Foreign keys: []
2015-11-23 14:48:00.144  INFO 2239 --- [ost-startStop-1] o.hibernate.tool.hbm2ddl.TableMetadata   : HHH000126: Indexes: [sys_idx_sys_pk_10506_10508]
2015-11-23 14:48:00.146  INFO 2239 --- [ost-startStop-1] o.hibernate.tool.hbm2ddl.TableMetadata   : HHH000261: Table found: PUBLIC.PUBLIC.USER_ROLE_ROLE_PERMISSION_REL
2015-11-23 14:48:00.147  INFO 2239 --- [ost-startStop-1] o.hibernate.tool.hbm2ddl.TableMetadata   : HHH000037: Columns: [user_role_id, role_permission_id]
2015-11-23 14:48:00.147  INFO 2239 --- [ost-startStop-1] o.hibernate.tool.hbm2ddl.TableMetadata   : HHH000108: Foreign keys: []
2015-11-23 14:48:00.147  INFO 2239 --- [ost-startStop-1] o.hibernate.tool.hbm2ddl.TableMetadata   : HHH000126: Indexes: [sys_idx_sys_pk_10513_10514]
2015-11-23 14:48:00.149  INFO 2239 --- [ost-startStop-1] o.hibernate.tool.hbm2ddl.TableMetadata   : HHH000261: Table found: PUBLIC.PUBLIC.VARIABLE_TYPE
2015-11-23 14:48:00.149  INFO 2239 --- [ost-startStop-1] o.hibernate.tool.hbm2ddl.TableMetadata   : HHH000037: Columns: [name, description, id]
2015-11-23 14:48:00.149  INFO 2239 --- [ost-startStop-1] o.hibernate.tool.hbm2ddl.TableMetadata   : HHH000108: Foreign keys: []
2015-11-23 14:48:00.149  INFO 2239 --- [ost-startStop-1] o.hibernate.tool.hbm2ddl.TableMetadata   : HHH000126: Indexes: [sys_idx_sys_pk_10518_10520]
2015-11-23 14:48:00.151  INFO 2239 --- [ost-startStop-1] o.hibernate.tool.hbm2ddl.TableMetadata   : HHH000261: Table found: PUBLIC.PUBLIC.VOCABULARY
2015-11-23 14:48:00.151  INFO 2239 --- [ost-startStop-1] o.hibernate.tool.hbm2ddl.TableMetadata   : HHH000037: Columns: [created, name, description, modified, id, version]
2015-11-23 14:48:00.151  INFO 2239 --- [ost-startStop-1] o.hibernate.tool.hbm2ddl.TableMetadata   : HHH000108: Foreign keys: []
2015-11-23 14:48:00.151  INFO 2239 --- [ost-startStop-1] o.hibernate.tool.hbm2ddl.TableMetadata   : HHH000126: Indexes: [sys_idx_uk_co0f3gvf5v59bqepck6bemw9r_10531, sys_idx_sys_pk_10524_10527]
2015-11-23 14:48:00.159 ERROR 2239 --- [ost-startStop-1] org.hibernate.tool.hbm2ddl.SchemaUpdate  : HHH000388: Unsuccessful: alter table annotation_data add constraint FK_mk3bt7qpfml26bu7se08rptek foreign key (attribute_id) references attribute
2015-11-23 14:48:00.159 ERROR 2239 --- [ost-startStop-1] org.hibernate.tool.hbm2ddl.SchemaUpdate  : object name already exists: FK_MK3BT7QPFML26BU7SE08RPTEK in statement [alter table annotation_data add constraint FK_mk3bt7qpfml26bu7se08rptek foreign key (attribute_id) references attribute]
2015-11-23 14:48:00.159 ERROR 2239 --- [ost-startStop-1] org.hibernate.tool.hbm2ddl.SchemaUpdate  : HHH000388: Unsuccessful: alter table annotation_data add constraint FK_d6k9h6ahgcvnw157cqdj73t6v foreign key (parent_id) references annotation_data
2015-11-23 14:48:00.159 ERROR 2239 --- [ost-startStop-1] org.hibernate.tool.hbm2ddl.SchemaUpdate  : object name already exists: FK_D6K9H6AHGCVNW157CQDJ73T6V in statement [alter table annotation_data add constraint FK_d6k9h6ahgcvnw157cqdj73t6v foreign key (parent_id) references annotation_data]
2015-11-23 14:48:00.159 ERROR 2239 --- [ost-startStop-1] org.hibernate.tool.hbm2ddl.SchemaUpdate  : HHH000388: Unsuccessful: alter table attribute add constraint FK_4b1itsp3x6xy0hisucler4cr8 foreign key (parent_id) references attribute
2015-11-23 14:48:00.159 ERROR 2239 --- [ost-startStop-1] org.hibernate.tool.hbm2ddl.SchemaUpdate  : object name already exists: FK_4B1ITSP3X6XY0HISUCLER4CR8 in statement [alter table attribute add constraint FK_4b1itsp3x6xy0hisucler4cr8 foreign key (parent_id) references attribute]
2015-11-23 14:48:00.159 ERROR 2239 --- [ost-startStop-1] org.hibernate.tool.hbm2ddl.SchemaUpdate  : HHH000388: Unsuccessful: alter table attribute add constraint FK_jki92qduafabcpogsmf139y9v foreign key (vocab_id) references vocabulary
2015-11-23 14:48:00.159 ERROR 2239 --- [ost-startStop-1] org.hibernate.tool.hbm2ddl.SchemaUpdate  : object name already exists: FK_JKI92QDUAFABCPOGSMF139Y9V in statement [alter table attribute add constraint FK_jki92qduafabcpogsmf139y9v foreign key (vocab_id) references vocabulary]
2015-11-23 14:48:00.160 ERROR 2239 --- [ost-startStop-1] org.hibernate.tool.hbm2ddl.SchemaUpdate  : HHH000388: Unsuccessful: alter table data_file add constraint FK_2dydftu088ia3o9methjobma7 foreign key (data_file_info_id) references data_file_info
2015-11-23 14:48:00.160 ERROR 2239 --- [ost-startStop-1] org.hibernate.tool.hbm2ddl.SchemaUpdate  : object name already exists: FK_2DYDFTU088IA3O9METHJOBMA7 in statement [alter table data_file add constraint FK_2dydftu088ia3o9methjobma7 foreign key (data_file_info_id) references data_file_info]
2015-11-23 14:48:00.160 ERROR 2239 --- [ost-startStop-1] org.hibernate.tool.hbm2ddl.SchemaUpdate  : HHH000388: Unsuccessful: alter table data_file_info add constraint FK_8h5y84s2x6y7j93hdppd9gqym foreign key (file_delimiter_id) references file_delimiter
2015-11-23 14:48:00.160 ERROR 2239 --- [ost-startStop-1] org.hibernate.tool.hbm2ddl.SchemaUpdate  : object name already exists: FK_8H5Y84S2X6Y7J93HDPPD9GQYM in statement [alter table data_file_info add constraint FK_8h5y84s2x6y7j93hdppd9gqym foreign key (file_delimiter_id) references file_delimiter]
2015-11-23 14:48:00.160 ERROR 2239 --- [ost-startStop-1] org.hibernate.tool.hbm2ddl.SchemaUpdate  : HHH000388: Unsuccessful: alter table data_file_info add constraint FK_5786k6x3wkj4ilkmuvd81i1m4 foreign key (variable_type_id) references variable_type
2015-11-23 14:48:00.160 ERROR 2239 --- [ost-startStop-1] org.hibernate.tool.hbm2ddl.SchemaUpdate  : object name already exists: FK_5786K6X3WKJ4ILKMUVD81I1M4 in statement [alter table data_file_info add constraint FK_5786k6x3wkj4ilkmuvd81i1m4 foreign key (variable_type_id) references variable_type]
2015-11-23 14:48:00.160 ERROR 2239 --- [ost-startStop-1] org.hibernate.tool.hbm2ddl.SchemaUpdate  : HHH000388: Unsuccessful: alter table group_membership add constraint FK_7bqoi84v616mfryd9r5mjoaog foreign key (user_account_id) references user_account
2015-11-23 14:48:00.160 ERROR 2239 --- [ost-startStop-1] org.hibernate.tool.hbm2ddl.SchemaUpdate  : object name already exists: FK_7BQOI84V616MFRYD9R5MJOAOG in statement [alter table group_membership add constraint FK_7bqoi84v616mfryd9r5mjoaog foreign key (user_account_id) references user_account]
2015-11-23 14:48:00.160 ERROR 2239 --- [ost-startStop-1] org.hibernate.tool.hbm2ddl.SchemaUpdate  : HHH000388: Unsuccessful: alter table group_membership add constraint FK_qoef3m2pin53gh0r97iq9slsh foreign key (group_id) references groups
2015-11-23 14:48:00.160 ERROR 2239 --- [ost-startStop-1] org.hibernate.tool.hbm2ddl.SchemaUpdate  : object name already exists: FK_QOEF3M2PIN53GH0R97IQ9SLSH in statement [alter table group_membership add constraint FK_qoef3m2pin53gh0r97iq9slsh foreign key (group_id) references groups]
2015-11-23 14:48:00.161 ERROR 2239 --- [ost-startStop-1] org.hibernate.tool.hbm2ddl.SchemaUpdate  : HHH000388: Unsuccessful: alter table security_answer add constraint FK_bbyqis9yossit5dsetsjrus9h foreign key (security_question_id) references security_question
2015-11-23 14:48:00.161 ERROR 2239 --- [ost-startStop-1] org.hibernate.tool.hbm2ddl.SchemaUpdate  : object name already exists: FK_BBYQIS9YOSSIT5DSETSJRUS9H in statement [alter table security_answer add constraint FK_bbyqis9yossit5dsetsjrus9h foreign key (security_question_id) references security_question]
2015-11-23 14:48:00.161 ERROR 2239 --- [ost-startStop-1] org.hibernate.tool.hbm2ddl.SchemaUpdate  : HHH000388: Unsuccessful: alter table annotationTarget add constraint FK_rsnbe16nlk97g6cilim7dqm7x foreign key (file_id) references data_file
2015-11-23 14:48:00.161 ERROR 2239 --- [ost-startStop-1] org.hibernate.tool.hbm2ddl.SchemaUpdate  : object name already exists: FK_RSNBE16NLK97G6CILIM7DQM7X in statement [alter table annotationTarget add constraint FK_rsnbe16nlk97g6cilim7dqm7x foreign key (file_id) references data_file]
2015-11-23 14:48:00.161 ERROR 2239 --- [ost-startStop-1] org.hibernate.tool.hbm2ddl.SchemaUpdate  : HHH000388: Unsuccessful: alter table annotationTarget add constraint FK_9yl4pl5qbih3xi58bkq4ofhw8 foreign key (url_id) references url
2015-11-23 14:48:00.161 ERROR 2239 --- [ost-startStop-1] org.hibernate.tool.hbm2ddl.SchemaUpdate  : object name already exists: FK_9YL4PL5QBIH3XI58BKQ4OFHW8 in statement [alter table annotationTarget add constraint FK_9yl4pl5qbih3xi58bkq4ofhw8 foreign key (url_id) references url]
2015-11-23 14:48:00.161 ERROR 2239 --- [ost-startStop-1] org.hibernate.tool.hbm2ddl.SchemaUpdate  : HHH000388: Unsuccessful: alter table annotationTarget add constraint FK_4gchikf3rpa2byg6x3ew1hrj2 foreign key (user_account_id) references user_account
2015-11-23 14:48:00.161 ERROR 2239 --- [ost-startStop-1] org.hibernate.tool.hbm2ddl.SchemaUpdate  : object name already exists: FK_4GCHIKF3RPA2BYG6X3EW1HRJ2 in statement [alter table annotationTarget add constraint FK_4gchikf3rpa2byg6x3ew1hrj2 foreign key (user_account_id) references user_account]
2015-11-23 14:48:00.161 ERROR 2239 --- [ost-startStop-1] org.hibernate.tool.hbm2ddl.SchemaUpdate  : HHH000388: Unsuccessful: alter table user_account add constraint FK_fqfn7sv6xx80uqwsmnal0tipj foreign key (person_id) references person
2015-11-23 14:48:00.161 ERROR 2239 --- [ost-startStop-1] org.hibernate.tool.hbm2ddl.SchemaUpdate  : object name already exists: FK_FQFN7SV6XX80UQWSMNAL0TIPJ in statement [alter table user_account add constraint FK_fqfn7sv6xx80uqwsmnal0tipj foreign key (person_id) references person]
2015-11-23 14:48:00.161 ERROR 2239 --- [ost-startStop-1] org.hibernate.tool.hbm2ddl.SchemaUpdate  : HHH000388: Unsuccessful: alter table user_account_data_file_rel add constraint FK_hwqveygcmuswlbyjdt0vr2s0g foreign key (user_account_id) references user_account
2015-11-23 14:48:00.162 ERROR 2239 --- [ost-startStop-1] org.hibernate.tool.hbm2ddl.SchemaUpdate  : object name already exists: FK_HWQVEYGCMUSWLBYJDT0VR2S0G in statement [alter table user_account_data_file_rel add constraint FK_hwqveygcmuswlbyjdt0vr2s0g foreign key (user_account_id) references user_account]
2015-11-23 14:48:00.162 ERROR 2239 --- [ost-startStop-1] org.hibernate.tool.hbm2ddl.SchemaUpdate  : HHH000388: Unsuccessful: alter table user_account_data_file_rel add constraint FK_r1tl1yq9ki07ud755fcuamx5e foreign key (data_file_id) references data_file
2015-11-23 14:48:00.162 ERROR 2239 --- [ost-startStop-1] org.hibernate.tool.hbm2ddl.SchemaUpdate  : object name already exists: FK_R1TL1YQ9KI07UD755FCUAMX5E in statement [alter table user_account_data_file_rel add constraint FK_r1tl1yq9ki07ud755fcuamx5e foreign key (data_file_id) references data_file]
2015-11-23 14:48:00.162 ERROR 2239 --- [ost-startStop-1] org.hibernate.tool.hbm2ddl.SchemaUpdate  : HHH000388: Unsuccessful: alter table user_account_job_queue_info_rel add constraint FK_s1mvwws3a418t7vqys6ssp2wd foreign key (job_queue_info_id) references job_queue_info
2015-11-23 14:48:00.162 ERROR 2239 --- [ost-startStop-1] org.hibernate.tool.hbm2ddl.SchemaUpdate  : object name already exists: FK_S1MVWWS3A418T7VQYS6SSP2WD in statement [alter table user_account_job_queue_info_rel add constraint FK_s1mvwws3a418t7vqys6ssp2wd foreign key (job_queue_info_id) references job_queue_info]
2015-11-23 14:48:00.162 ERROR 2239 --- [ost-startStop-1] org.hibernate.tool.hbm2ddl.SchemaUpdate  : HHH000388: Unsuccessful: alter table user_account_job_queue_info_rel add constraint FK_43ig88gg8un0fr2hj8e61db8f foreign key (user_account_id) references user_account
2015-11-23 14:48:00.162 ERROR 2239 --- [ost-startStop-1] org.hibernate.tool.hbm2ddl.SchemaUpdate  : object name already exists: FK_43IG88GG8UN0FR2HJ8E61DB8F in statement [alter table user_account_job_queue_info_rel add constraint FK_43ig88gg8un0fr2hj8e61db8f foreign key (user_account_id) references user_account]
2015-11-23 14:48:00.162 ERROR 2239 --- [ost-startStop-1] org.hibernate.tool.hbm2ddl.SchemaUpdate  : HHH000388: Unsuccessful: alter table user_account_security_answer_rel add constraint FK_m8nsa9d7q06br6j6wo9aua5en foreign key (security_answer_id) references security_answer
2015-11-23 14:48:00.162 ERROR 2239 --- [ost-startStop-1] org.hibernate.tool.hbm2ddl.SchemaUpdate  : object name already exists: FK_M8NSA9D7Q06BR6J6WO9AUA5EN in statement [alter table user_account_security_answer_rel add constraint FK_m8nsa9d7q06br6j6wo9aua5en foreign key (security_answer_id) references security_answer]
2015-11-23 14:48:00.162 ERROR 2239 --- [ost-startStop-1] org.hibernate.tool.hbm2ddl.SchemaUpdate  : HHH000388: Unsuccessful: alter table user_account_security_answer_rel add constraint FK_97sjkenl8kap42mpwb7irtvrd foreign key (user_account_id) references user_account
2015-11-23 14:48:00.162 ERROR 2239 --- [ost-startStop-1] org.hibernate.tool.hbm2ddl.SchemaUpdate  : object name already exists: FK_97SJKENL8KAP42MPWB7IRTVRD in statement [alter table user_account_security_answer_rel add constraint FK_97sjkenl8kap42mpwb7irtvrd foreign key (user_account_id) references user_account]
2015-11-23 14:48:00.163 ERROR 2239 --- [ost-startStop-1] org.hibernate.tool.hbm2ddl.SchemaUpdate  : HHH000388: Unsuccessful: alter table user_role_role_permission_rel add constraint FK_pttd5226iumddrnuiy7re78o foreign key (user_role_id) references user_role
2015-11-23 14:48:00.163 ERROR 2239 --- [ost-startStop-1] org.hibernate.tool.hbm2ddl.SchemaUpdate  : object name already exists: FK_PTTD5226IUMDDRNUIY7RE78O in statement [alter table user_role_role_permission_rel add constraint FK_pttd5226iumddrnuiy7re78o foreign key (user_role_id) references user_role]
2015-11-23 14:48:00.163 ERROR 2239 --- [ost-startStop-1] org.hibernate.tool.hbm2ddl.SchemaUpdate  : HHH000388: Unsuccessful: alter table user_role_role_permission_rel add constraint FK_lkjcutj9iwjus01c6ktv2xs7o foreign key (role_permission_id) references role_permission
2015-11-23 14:48:00.163 ERROR 2239 --- [ost-startStop-1] org.hibernate.tool.hbm2ddl.SchemaUpdate  : object name already exists: FK_LKJCUTJ9IWJUS01C6KTV2XS7O in statement [alter table user_role_role_permission_rel add constraint FK_lkjcutj9iwjus01c6ktv2xs7o foreign key (role_permission_id) references role_permission]
2015-11-23 14:48:00.163  INFO 2239 --- [ost-startStop-1] org.hibernate.tool.hbm2ddl.SchemaUpdate  : HHH000232: Schema update complete
2015-11-23 14:48:00.594  INFO 2239 --- [ost-startStop-1] o.s.b.f.config.PropertiesFactoryBean     : Loading properties file from class path resource [rest-default-messages.properties]
2015-11-23 14:48:00.729  INFO 2239 --- [ost-startStop-1] o.s.b.c.e.ServletRegistrationBean        : Mapping servlet: 'dispatcherServlet' to [/]
2015-11-23 14:48:00.731  INFO 2239 --- [ost-startStop-1] o.s.b.c.embedded.FilterRegistrationBean  : Mapping filter: 'characterEncodingFilter' to: [/*]
2015-11-23 14:48:00.731  INFO 2239 --- [ost-startStop-1] o.s.b.c.embedded.FilterRegistrationBean  : Mapping filter: 'hiddenHttpMethodFilter' to: [/*]
2015-11-23 14:48:00.731  INFO 2239 --- [ost-startStop-1] o.s.b.c.embedded.FilterRegistrationBean  : Mapping filter: 'httpPutFormContentFilter' to: [/*]
2015-11-23 14:48:00.731  INFO 2239 --- [ost-startStop-1] o.s.b.c.embedded.FilterRegistrationBean  : Mapping filter: 'requestContextFilter' to: [/*]
2015-11-23 14:48:01.101  INFO 2239 --- [           main] s.w.s.m.m.a.RequestMappingHandlerAdapter : Looking for @ControllerAdvice: org.springframework.boot.context.embedded.AnnotationConfigEmbeddedWebApplicationContext@48a242ce: startup date [Mon Nov 23 14:47:56 EST 2015]; root of context hierarchy
2015-11-23 14:48:01.157  INFO 2239 --- [           main] s.w.s.m.m.a.RequestMappingHandlerMapping : Mapped "{[/error]}" onto public org.springframework.http.ResponseEntity<java.util.Map<java.lang.String, java.lang.Object>> org.springframework.boot.autoconfigure.web.BasicErrorController.error(javax.servlet.http.HttpServletRequest)
2015-11-23 14:48:01.158  INFO 2239 --- [           main] s.w.s.m.m.a.RequestMappingHandlerMapping : Mapped "{[/error],produces=[text/html]}" onto public org.springframework.web.servlet.ModelAndView org.springframework.boot.autoconfigure.web.BasicErrorController.errorHtml(javax.servlet.http.HttpServletRequest)
2015-11-23 14:48:01.177  INFO 2239 --- [           main] o.s.w.s.handler.SimpleUrlHandlerMapping  : Mapped URL path [/webjars/**] onto handler of type [class org.springframework.web.servlet.resource.ResourceHttpRequestHandler]
2015-11-23 14:48:01.177  INFO 2239 --- [           main] o.s.w.s.handler.SimpleUrlHandlerMapping  : Mapped URL path [/**] onto handler of type [class org.springframework.web.servlet.resource.ResourceHttpRequestHandler]
2015-11-23 14:48:01.188  INFO 2239 --- [           main] .m.m.a.ExceptionHandlerExceptionResolver : Detected @ExceptionHandler methods in repositoryRestExceptionHandler
2015-11-23 14:48:01.202  INFO 2239 --- [           main] o.s.w.s.handler.SimpleUrlHandlerMapping  : Mapped URL path [/**/favicon.ico] onto handler of type [class org.springframework.web.servlet.resource.ResourceHttpRequestHandler]
2015-11-23 14:48:01.339  INFO 2239 --- [           main] o.s.d.r.w.RepositoryRestHandlerAdapter   : Looking for @ControllerAdvice: org.springframework.boot.context.embedded.AnnotationConfigEmbeddedWebApplicationContext@48a242ce: startup date [Mon Nov 23 14:47:56 EST 2015]; root of context hierarchy
2015-11-23 14:48:01.348  INFO 2239 --- [           main] o.s.d.r.w.RepositoryRestHandlerMapping   : Mapped "{[/{repository}],methods=[OPTIONS],produces=[application/hal+json || application/json || application/*+json;charset=UTF-8]}" onto public org.springframework.http.ResponseEntity<?> org.springframework.data.rest.webmvc.RepositoryEntityController.optionsForCollectionResource(org.springframework.data.rest.webmvc.RootResourceInformation)
2015-11-23 14:48:01.348  INFO 2239 --- [           main] o.s.d.r.w.RepositoryRestHandlerMapping   : Mapped "{[/{repository}],methods=[HEAD],produces=[application/hal+json || application/json || application/*+json;charset=UTF-8]}" onto public org.springframework.http.ResponseEntity<?> org.springframework.data.rest.webmvc.RepositoryEntityController.headCollectionResource(org.springframework.data.rest.webmvc.RootResourceInformation,org.springframework.data.rest.webmvc.support.DefaultedPageable) throws org.springframework.web.HttpRequestMethodNotSupportedException
2015-11-23 14:48:01.348  INFO 2239 --- [           main] o.s.d.r.w.RepositoryRestHandlerMapping   : Mapped "{[/{repository}],methods=[GET],produces=[application/hal+json || application/json || application/*+json;charset=UTF-8]}" onto public org.springframework.hateoas.Resources<?> org.springframework.data.rest.webmvc.RepositoryEntityController.getCollectionResource(org.springframework.data.rest.webmvc.RootResourceInformation,org.springframework.data.rest.webmvc.support.DefaultedPageable,org.springframework.data.domain.Sort,org.springframework.data.rest.webmvc.PersistentEntityResourceAssembler) throws org.springframework.data.rest.webmvc.ResourceNotFoundException,org.springframework.web.HttpRequestMethodNotSupportedException
2015-11-23 14:48:01.348  INFO 2239 --- [           main] o.s.d.r.w.RepositoryRestHandlerMapping   : Mapped "{[/{repository}],methods=[GET],produces=[application/x-spring-data-compact+json || text/uri-list]}" onto public org.springframework.hateoas.Resources<?> org.springframework.data.rest.webmvc.RepositoryEntityController.getCollectionResourceCompact(org.springframework.data.rest.webmvc.RootResourceInformation,org.springframework.data.rest.webmvc.support.DefaultedPageable,org.springframework.data.domain.Sort,org.springframework.data.rest.webmvc.PersistentEntityResourceAssembler) throws org.springframework.data.rest.webmvc.ResourceNotFoundException,org.springframework.web.HttpRequestMethodNotSupportedException
2015-11-23 14:48:01.348  INFO 2239 --- [           main] o.s.d.r.w.RepositoryRestHandlerMapping   : Mapped "{[/{repository}],methods=[POST],produces=[application/hal+json || application/json || application/*+json;charset=UTF-8]}" onto public org.springframework.http.ResponseEntity<org.springframework.hateoas.ResourceSupport> org.springframework.data.rest.webmvc.RepositoryEntityController.postCollectionResource(org.springframework.data.rest.webmvc.RootResourceInformation,org.springframework.data.rest.webmvc.PersistentEntityResource,org.springframework.data.rest.webmvc.PersistentEntityResourceAssembler,java.lang.String) throws org.springframework.web.HttpRequestMethodNotSupportedException
2015-11-23 14:48:01.349  INFO 2239 --- [           main] o.s.d.r.w.RepositoryRestHandlerMapping   : Mapped "{[/{repository}/{id}],methods=[OPTIONS],produces=[application/hal+json || application/json || application/*+json;charset=UTF-8]}" onto public org.springframework.http.ResponseEntity<?> org.springframework.data.rest.webmvc.RepositoryEntityController.optionsForItemResource(org.springframework.data.rest.webmvc.RootResourceInformation)
2015-11-23 14:48:01.349  INFO 2239 --- [           main] o.s.d.r.w.RepositoryRestHandlerMapping   : Mapped "{[/{repository}/{id}],methods=[HEAD],produces=[application/hal+json || application/json || application/*+json;charset=UTF-8]}" onto public org.springframework.http.ResponseEntity<?> org.springframework.data.rest.webmvc.RepositoryEntityController.headForItemResource(org.springframework.data.rest.webmvc.RootResourceInformation,java.io.Serializable,org.springframework.data.rest.webmvc.PersistentEntityResourceAssembler) throws org.springframework.web.HttpRequestMethodNotSupportedException
2015-11-23 14:48:01.349  INFO 2239 --- [           main] o.s.d.r.w.RepositoryRestHandlerMapping   : Mapped "{[/{repository}/{id}],methods=[GET],produces=[application/hal+json || application/json || application/*+json;charset=UTF-8]}" onto public org.springframework.http.ResponseEntity<org.springframework.hateoas.Resource<?>> org.springframework.data.rest.webmvc.RepositoryEntityController.getItemResource(org.springframework.data.rest.webmvc.RootResourceInformation,java.io.Serializable,org.springframework.data.rest.webmvc.PersistentEntityResourceAssembler,org.springframework.util.MultiValueMap<java.lang.String, java.lang.String>) throws org.springframework.web.HttpRequestMethodNotSupportedException
2015-11-23 14:48:01.349  INFO 2239 --- [           main] o.s.d.r.w.RepositoryRestHandlerMapping   : Mapped "{[/{repository}/{id}],methods=[PUT],produces=[application/hal+json || application/json || application/*+json;charset=UTF-8]}" onto public org.springframework.http.ResponseEntity<? extends org.springframework.hateoas.ResourceSupport> org.springframework.data.rest.webmvc.RepositoryEntityController.putItemResource(org.springframework.data.rest.webmvc.RootResourceInformation,org.springframework.data.rest.webmvc.PersistentEntityResource,java.io.Serializable,org.springframework.data.rest.webmvc.PersistentEntityResourceAssembler,org.springframework.data.rest.webmvc.support.ETag,java.lang.String) throws org.springframework.web.HttpRequestMethodNotSupportedException
2015-11-23 14:48:01.349  INFO 2239 --- [           main] o.s.d.r.w.RepositoryRestHandlerMapping   : Mapped "{[/{repository}/{id}],methods=[PATCH],produces=[application/hal+json || application/json || application/*+json;charset=UTF-8]}" onto public org.springframework.http.ResponseEntity<org.springframework.hateoas.ResourceSupport> org.springframework.data.rest.webmvc.RepositoryEntityController.patchItemResource(org.springframework.data.rest.webmvc.RootResourceInformation,org.springframework.data.rest.webmvc.PersistentEntityResource,java.io.Serializable,org.springframework.data.rest.webmvc.PersistentEntityResourceAssembler,org.springframework.data.rest.webmvc.support.ETag,java.lang.String) throws org.springframework.web.HttpRequestMethodNotSupportedException,org.springframework.data.rest.webmvc.ResourceNotFoundException
2015-11-23 14:48:01.350  INFO 2239 --- [           main] o.s.d.r.w.RepositoryRestHandlerMapping   : Mapped "{[/{repository}/{id}],methods=[DELETE],produces=[application/hal+json || application/json || application/*+json;charset=UTF-8]}" onto public org.springframework.http.ResponseEntity<?> org.springframework.data.rest.webmvc.RepositoryEntityController.deleteItemResource(org.springframework.data.rest.webmvc.RootResourceInformation,java.io.Serializable,org.springframework.data.rest.webmvc.support.ETag) throws org.springframework.data.rest.webmvc.ResourceNotFoundException,org.springframework.web.HttpRequestMethodNotSupportedException
2015-11-23 14:48:01.352  INFO 2239 --- [           main] o.s.d.r.w.RepositoryRestHandlerMapping   : Mapped "{[/ || ],methods=[OPTIONS],produces=[application/hal+json || application/json || application/*+json;charset=UTF-8]}" onto public org.springframework.http.HttpEntity<?> org.springframework.data.rest.webmvc.RepositoryController.optionsForRepositories()
2015-11-23 14:48:01.352  INFO 2239 --- [           main] o.s.d.r.w.RepositoryRestHandlerMapping   : Mapped "{[/ || ],methods=[HEAD],produces=[application/hal+json || application/json || application/*+json;charset=UTF-8]}" onto public org.springframework.http.ResponseEntity<?> org.springframework.data.rest.webmvc.RepositoryController.headForRepositories()
2015-11-23 14:48:01.352  INFO 2239 --- [           main] o.s.d.r.w.RepositoryRestHandlerMapping   : Mapped "{[/ || ],methods=[GET],produces=[application/hal+json || application/json || application/*+json;charset=UTF-8]}" onto public org.springframework.http.HttpEntity<org.springframework.data.rest.webmvc.RepositoryLinksResource> org.springframework.data.rest.webmvc.RepositoryController.listRepositories()
2015-11-23 14:48:01.354  INFO 2239 --- [           main] o.s.d.r.w.RepositoryRestHandlerMapping   : Mapped "{[/{repository}/{id}/{property}],methods=[GET],produces=[application/hal+json || application/json || application/*+json;charset=UTF-8]}" onto public org.springframework.http.ResponseEntity<org.springframework.hateoas.ResourceSupport> org.springframework.data.rest.webmvc.RepositoryPropertyReferenceController.followPropertyReference(org.springframework.data.rest.webmvc.RootResourceInformation,java.io.Serializable,java.lang.String,org.springframework.data.rest.webmvc.PersistentEntityResourceAssembler) throws java.lang.Exception
2015-11-23 14:48:01.354  INFO 2239 --- [           main] o.s.d.r.w.RepositoryRestHandlerMapping   : Mapped "{[/{repository}/{id}/{property}/{propertyId}],methods=[GET],produces=[application/hal+json || application/json || application/*+json;charset=UTF-8]}" onto public org.springframework.http.ResponseEntity<org.springframework.hateoas.ResourceSupport> org.springframework.data.rest.webmvc.RepositoryPropertyReferenceController.followPropertyReference(org.springframework.data.rest.webmvc.RootResourceInformation,java.io.Serializable,java.lang.String,java.lang.String,org.springframework.data.rest.webmvc.PersistentEntityResourceAssembler) throws java.lang.Exception
2015-11-23 14:48:01.354  INFO 2239 --- [           main] o.s.d.r.w.RepositoryRestHandlerMapping   : Mapped "{[/{repository}/{id}/{property}],methods=[DELETE],produces=[application/hal+json || application/json || application/*+json;charset=UTF-8]}" onto public org.springframework.http.ResponseEntity<? extends org.springframework.hateoas.ResourceSupport> org.springframework.data.rest.webmvc.RepositoryPropertyReferenceController.deletePropertyReference(org.springframework.data.rest.webmvc.RootResourceInformation,java.io.Serializable,java.lang.String) throws java.lang.Exception
2015-11-23 14:48:01.354  INFO 2239 --- [           main] o.s.d.r.w.RepositoryRestHandlerMapping   : Mapped "{[/{repository}/{id}/{property}],methods=[GET],produces=[application/x-spring-data-compact+json || text/uri-list]}" onto public org.springframework.http.ResponseEntity<org.springframework.hateoas.ResourceSupport> org.springframework.data.rest.webmvc.RepositoryPropertyReferenceController.followPropertyReferenceCompact(org.springframework.data.rest.webmvc.RootResourceInformation,java.io.Serializable,java.lang.String,org.springframework.data.rest.webmvc.PersistentEntityResourceAssembler) throws java.lang.Exception
2015-11-23 14:48:01.355  INFO 2239 --- [           main] o.s.d.r.w.RepositoryRestHandlerMapping   : Mapped "{[/{repository}/{id}/{property}],methods=[PATCH || PUT || POST],consumes=[application/json || application/x-spring-data-compact+json || text/uri-list],produces=[application/hal+json || application/json || application/*+json;charset=UTF-8]}" onto public org.springframework.http.ResponseEntity<? extends org.springframework.hateoas.ResourceSupport> org.springframework.data.rest.webmvc.RepositoryPropertyReferenceController.createPropertyReference(org.springframework.data.rest.webmvc.RootResourceInformation,org.springframework.http.HttpMethod,org.springframework.hateoas.Resources<java.lang.Object>,java.io.Serializable,java.lang.String) throws java.lang.Exception
2015-11-23 14:48:01.355  INFO 2239 --- [           main] o.s.d.r.w.RepositoryRestHandlerMapping   : Mapped "{[/{repository}/{id}/{property}/{propertyId}],methods=[DELETE],produces=[application/hal+json || application/json || application/*+json;charset=UTF-8]}" onto public org.springframework.http.ResponseEntity<org.springframework.hateoas.ResourceSupport> org.springframework.data.rest.webmvc.RepositoryPropertyReferenceController.deletePropertyReferenceId(org.springframework.data.rest.webmvc.RootResourceInformation,java.io.Serializable,java.lang.String,java.lang.String) throws java.lang.Exception
2015-11-23 14:48:01.356  INFO 2239 --- [           main] o.s.d.r.w.RepositoryRestHandlerMapping   : Mapped "{[/{repository}/search],methods=[HEAD],produces=[application/hal+json || application/json || application/*+json;charset=UTF-8]}" onto public org.springframework.http.HttpEntity<?> org.springframework.data.rest.webmvc.RepositorySearchController.headForSearches(org.springframework.data.rest.webmvc.RootResourceInformation)
2015-11-23 14:48:01.356  INFO 2239 --- [           main] o.s.d.r.w.RepositoryRestHandlerMapping   : Mapped "{[/{repository}/search],methods=[GET],produces=[application/hal+json || application/json || application/*+json;charset=UTF-8]}" onto public org.springframework.data.rest.webmvc.RepositorySearchesResource org.springframework.data.rest.webmvc.RepositorySearchController.listSearches(org.springframework.data.rest.webmvc.RootResourceInformation)
2015-11-23 14:48:01.356  INFO 2239 --- [           main] o.s.d.r.w.RepositoryRestHandlerMapping   : Mapped "{[/{repository}/search],methods=[OPTIONS],produces=[application/hal+json || application/json || application/*+json;charset=UTF-8]}" onto public org.springframework.http.HttpEntity<?> org.springframework.data.rest.webmvc.RepositorySearchController.optionsForSearches(org.springframework.data.rest.webmvc.RootResourceInformation)
2015-11-23 14:48:01.356  INFO 2239 --- [           main] o.s.d.r.w.RepositoryRestHandlerMapping   : Mapped "{[/{repository}/search/{search}],methods=[GET],produces=[application/hal+json || application/json || application/*+json;charset=UTF-8]}" onto public org.springframework.http.ResponseEntity<java.lang.Object> org.springframework.data.rest.webmvc.RepositorySearchController.executeSearch(org.springframework.data.rest.webmvc.RootResourceInformation,org.springframework.util.MultiValueMap<java.lang.String, java.lang.Object>,java.lang.String,org.springframework.data.rest.webmvc.support.DefaultedPageable,org.springframework.data.domain.Sort,org.springframework.data.rest.webmvc.PersistentEntityResourceAssembler)
2015-11-23 14:48:01.356  INFO 2239 --- [           main] o.s.d.r.w.RepositoryRestHandlerMapping   : Mapped "{[/{repository}/search/{search}],methods=[GET],produces=[application/x-spring-data-compact+json]}" onto public org.springframework.hateoas.ResourceSupport org.springframework.data.rest.webmvc.RepositorySearchController.executeSearchCompact(org.springframework.data.rest.webmvc.RootResourceInformation,org.springframework.util.MultiValueMap<java.lang.String, java.lang.Object>,java.lang.String,java.lang.String,org.springframework.data.rest.webmvc.support.DefaultedPageable,org.springframework.data.domain.Sort,org.springframework.data.rest.webmvc.PersistentEntityResourceAssembler)
2015-11-23 14:48:01.356  INFO 2239 --- [           main] o.s.d.r.w.RepositoryRestHandlerMapping   : Mapped "{[/{repository}/search/{search}],methods=[OPTIONS],produces=[application/hal+json || application/json || application/*+json;charset=UTF-8]}" onto public org.springframework.http.ResponseEntity<java.lang.Object> org.springframework.data.rest.webmvc.RepositorySearchController.optionsForSearch(org.springframework.data.rest.webmvc.RootResourceInformation,java.lang.String)
2015-11-23 14:48:01.357  INFO 2239 --- [           main] o.s.d.r.w.RepositoryRestHandlerMapping   : Mapped "{[/{repository}/search/{search}],methods=[HEAD],produces=[application/hal+json || application/json || application/*+json;charset=UTF-8]}" onto public org.springframework.http.ResponseEntity<java.lang.Object> org.springframework.data.rest.webmvc.RepositorySearchController.headForSearch(org.springframework.data.rest.webmvc.RootResourceInformation,java.lang.String)
2015-11-23 14:48:01.358  INFO 2239 --- [           main] o.s.d.r.w.BasePathAwareHandlerMapping    : Mapped "{[/profile],methods=[OPTIONS]}" onto public org.springframework.http.HttpEntity<?> org.springframework.data.rest.webmvc.ProfileController.profileOptions()
2015-11-23 14:48:01.358  INFO 2239 --- [           main] o.s.d.r.w.BasePathAwareHandlerMapping    : Mapped "{[/profile],methods=[GET]}" onto org.springframework.http.HttpEntity<org.springframework.hateoas.ResourceSupport> org.springframework.data.rest.webmvc.ProfileController.listAllFormsOfMetadata()
2015-11-23 14:48:01.358  INFO 2239 --- [           main] o.s.d.r.w.BasePathAwareHandlerMapping    : Mapped "{[/profile/{repository}],methods=[GET],produces=[application/schema+json]}" onto public org.springframework.http.HttpEntity<org.springframework.data.rest.webmvc.json.JsonSchema> org.springframework.data.rest.webmvc.RepositorySchemaController.schema(org.springframework.data.rest.webmvc.RootResourceInformation)
2015-11-23 14:48:01.359  INFO 2239 --- [           main] o.s.d.r.w.BasePathAwareHandlerMapping    : Mapped "{[/profile/{repository}],methods=[GET],produces=[application/alps+json || */*]}" onto org.springframework.http.HttpEntity<org.springframework.data.rest.webmvc.RootResourceInformation> org.springframework.data.rest.webmvc.alps.AlpsController.descriptor(org.springframework.data.rest.webmvc.RootResourceInformation)
2015-11-23 14:48:01.359  INFO 2239 --- [           main] o.s.d.r.w.BasePathAwareHandlerMapping    : Mapped "{[/profile/{repository}],methods=[OPTIONS],produces=[application/alps+json]}" onto org.springframework.http.HttpEntity<?> org.springframework.data.rest.webmvc.alps.AlpsController.alpsOptions()
2015-11-23 14:48:01.367  INFO 2239 --- [           main] .m.m.a.ExceptionHandlerExceptionResolver : Detected @ExceptionHandler methods in repositoryRestExceptionHandler
2015-11-23 14:48:01.416  INFO 2239 --- [           main] o.s.j.e.a.AnnotationMBeanExporter        : Registering beans for JMX exposure on startup
2015-11-23 14:48:01.468  INFO 2239 --- [           main] s.b.c.e.t.TomcatEmbeddedServletContainer : Tomcat started on port(s): 8080 (http)
2015-11-23 14:48:01.472  INFO 2239 --- [           main] e.p.dbmi.ccd.db.CCDDatabaseApplication   : Started CCDDatabaseApplication in 4.967 seconds (JVM running for 5.276)
